#! /usr/bin/vvp
:ivl_version "10.3 (stable)";
:ivl_delay_selection "TYPICAL";
:vpi_time_precision + 0;
:vpi_module "system";
:vpi_module "vhdl_sys";
:vpi_module "v2005_math";
:vpi_module "va_math";
S_0x55cbee2a5130 .scope module, "setdate" "setdate" 2 1;
 .timescale 0 0;
    .port_info 0 /INPUT 1 "clk"
    .port_info 1 /INPUT 1 "button1"
    .port_info 2 /INPUT 1 "button2"
    .port_info 3 /INPUT 1 "button3"
    .port_info 4 /INPUT 2 "set_mode"
    .port_info 5 /OUTPUT 4 "day1"
    .port_info 6 /OUTPUT 4 "day2"
    .port_info 7 /OUTPUT 4 "month1"
    .port_info 8 /OUTPUT 4 "month2"
    .port_info 9 /OUTPUT 4 "year1"
    .port_info 10 /OUTPUT 4 "year2"
    .port_info 11 /OUTPUT 3 "day"
P_0x55cbee2a52b0 .param/l "DAY" 0 2 18, C4<00>;
P_0x55cbee2a52f0 .param/l "MONTH" 0 2 18, C4<01>;
P_0x55cbee2a5330 .param/l "WEEKDAY" 0 2 18, C4<11>;
P_0x55cbee2a5370 .param/l "YEAR" 0 2 18, C4<10>;
o0x7fc4021eb018 .functor BUFZ 1, C4<z>; HiZ drive
v0x55cbee2cbd20_0 .net "button1", 0 0, o0x7fc4021eb018;  0 drivers
o0x7fc4021eb048 .functor BUFZ 1, C4<z>; HiZ drive
v0x55cbee2f6600_0 .net "button2", 0 0, o0x7fc4021eb048;  0 drivers
o0x7fc4021eb078 .functor BUFZ 1, C4<z>; HiZ drive
v0x55cbee2f66c0_0 .net "button3", 0 0, o0x7fc4021eb078;  0 drivers
o0x7fc4021eb0a8 .functor BUFZ 1, C4<z>; HiZ drive
v0x55cbee2f6760_0 .net "clk", 0 0, o0x7fc4021eb0a8;  0 drivers
v0x55cbee2f6820_0 .var "day", 2 0;
v0x55cbee2f6950_0 .var "day1", 3 0;
v0x55cbee2f6a30_0 .var "day2", 3 0;
v0x55cbee2f6b10_0 .var "issetpressednow", 0 0;
v0x55cbee2f6bd0_0 .var "month1", 3 0;
v0x55cbee2f6cb0_0 .var "month2", 3 0;
o0x7fc4021eb1f8 .functor BUFZ 2, C4<zz>; HiZ drive
v0x55cbee2f6d90_0 .net "set_mode", 1 0, o0x7fc4021eb1f8;  0 drivers
v0x55cbee2f6e70_0 .var "state", 1 0;
v0x55cbee2f6f50_0 .var "year1", 3 0;
v0x55cbee2f7030_0 .var "year2", 3 0;
E_0x55cbee2da8e0 .event posedge, v0x55cbee2f6760_0;
    .scope S_0x55cbee2a5130;
T_0 ;
    %wait E_0x55cbee2da8e0;
    %load/vec4 v0x55cbee2f6d90_0;
    %cmpi/e 3, 0, 2;
    %jmp/0xz  T_0.0, 4;
    %load/vec4 v0x55cbee2f6b10_0;
    %flag_set/vec4 8;
    %jmp/0xz  T_0.2, 8;
    %pushi/vec4 0, 0, 2;
    %assign/vec4 v0x55cbee2f6e70_0, 0;
    %pushi/vec4 0, 0, 4;
    %assign/vec4 v0x55cbee2f6950_0, 0;
    %pushi/vec4 0, 0, 4;
    %assign/vec4 v0x55cbee2f6a30_0, 0;
    %pushi/vec4 0, 0, 4;
    %assign/vec4 v0x55cbee2f6bd0_0, 0;
    %pushi/vec4 0, 0, 4;
    %assign/vec4 v0x55cbee2f6cb0_0, 0;
    %pushi/vec4 0, 0, 4;
    %assign/vec4 v0x55cbee2f6f50_0, 0;
    %pushi/vec4 0, 0, 4;
    %assign/vec4 v0x55cbee2f7030_0, 0;
    %pushi/vec4 0, 0, 1;
    %assign/vec4 v0x55cbee2f6b10_0, 0;
T_0.2 ;
    %load/vec4 v0x55cbee2f6e70_0;
    %dup/vec4;
    %pushi/vec4 0, 0, 2;
    %cmp/x;
    %jmp/1 T_0.4, 4;
    %dup/vec4;
    %pushi/vec4 1, 0, 2;
    %cmp/x;
    %jmp/1 T_0.5, 4;
    %dup/vec4;
    %pushi/vec4 2, 0, 2;
    %cmp/x;
    %jmp/1 T_0.6, 4;
    %dup/vec4;
    %pushi/vec4 3, 0, 2;
    %cmp/x;
    %jmp/1 T_0.7, 4;
    %pushi/vec4 0, 0, 2;
    %assign/vec4 v0x55cbee2f6e70_0, 0;
    %jmp T_0.9;
T_0.4 ;
    %load/vec4 v0x55cbee2cbd20_0;
    %flag_set/vec4 8;
    %jmp/0xz  T_0.10, 8;
    %load/vec4 v0x55cbee2f6950_0;
    %cmpi/e 3, 0, 4;
    %flag_mov 8, 4;
    %jmp/0 T_0.12, 8;
    %pushi/vec4 0, 0, 4;
    %jmp/1 T_0.13, 8;
T_0.12 ; End of true expr.
    %load/vec4 v0x55cbee2f6950_0;
    %addi 1, 0, 4;
    %jmp/0 T_0.13, 8;
 ; End of false expr.
    %blend;
T_0.13;
    %assign/vec4 v0x55cbee2f6950_0, 0;
T_0.10 ;
    %load/vec4 v0x55cbee2f6600_0;
    %flag_set/vec4 8;
    %jmp/0xz  T_0.14, 8;
    %load/vec4 v0x55cbee2f6a30_0;
    %cmpi/e 9, 0, 4;
    %flag_mov 8, 4;
    %jmp/0 T_0.16, 8;
    %pushi/vec4 0, 0, 4;
    %jmp/1 T_0.17, 8;
T_0.16 ; End of true expr.
    %load/vec4 v0x55cbee2f6a30_0;
    %addi 1, 0, 4;
    %jmp/0 T_0.17, 8;
 ; End of false expr.
    %blend;
T_0.17;
    %assign/vec4 v0x55cbee2f6a30_0, 0;
T_0.14 ;
    %load/vec4 v0x55cbee2f66c0_0;
    %flag_set/vec4 8;
    %jmp/0xz  T_0.18, 8;
    %pushi/vec4 1, 0, 2;
    %assign/vec4 v0x55cbee2f6e70_0, 0;
T_0.18 ;
    %jmp T_0.9;
T_0.5 ;
    %load/vec4 v0x55cbee2cbd20_0;
    %flag_set/vec4 8;
    %jmp/0xz  T_0.20, 8;
    %load/vec4 v0x55cbee2f6bd0_0;
    %cmpi/e 3, 0, 4;
    %flag_mov 8, 4;
    %jmp/0 T_0.22, 8;
    %pushi/vec4 0, 0, 4;
    %jmp/1 T_0.23, 8;
T_0.22 ; End of true expr.
    %load/vec4 v0x55cbee2f6bd0_0;
    %addi 1, 0, 4;
    %jmp/0 T_0.23, 8;
 ; End of false expr.
    %blend;
T_0.23;
    %assign/vec4 v0x55cbee2f6bd0_0, 0;
T_0.20 ;
    %load/vec4 v0x55cbee2f6600_0;
    %flag_set/vec4 8;
    %jmp/0xz  T_0.24, 8;
    %load/vec4 v0x55cbee2f6cb0_0;
    %cmpi/e 9, 0, 4;
    %flag_mov 8, 4;
    %jmp/0 T_0.26, 8;
    %pushi/vec4 0, 0, 4;
    %jmp/1 T_0.27, 8;
T_0.26 ; End of true expr.
    %load/vec4 v0x55cbee2f6cb0_0;
    %addi 1, 0, 4;
    %jmp/0 T_0.27, 8;
 ; End of false expr.
    %blend;
T_0.27;
    %assign/vec4 v0x55cbee2f6cb0_0, 0;
T_0.24 ;
    %load/vec4 v0x55cbee2f66c0_0;
    %flag_set/vec4 8;
    %jmp/0xz  T_0.28, 8;
    %pushi/vec4 2, 0, 2;
    %assign/vec4 v0x55cbee2f6e70_0, 0;
T_0.28 ;
    %jmp T_0.9;
T_0.6 ;
    %load/vec4 v0x55cbee2cbd20_0;
    %flag_set/vec4 8;
    %jmp/0xz  T_0.30, 8;
    %load/vec4 v0x55cbee2f6f50_0;
    %cmpi/e 9, 0, 4;
    %flag_mov 8, 4;
    %jmp/0 T_0.32, 8;
    %pushi/vec4 0, 0, 4;
    %jmp/1 T_0.33, 8;
T_0.32 ; End of true expr.
    %load/vec4 v0x55cbee2f6f50_0;
    %addi 1, 0, 4;
    %jmp/0 T_0.33, 8;
 ; End of false expr.
    %blend;
T_0.33;
    %assign/vec4 v0x55cbee2f6f50_0, 0;
T_0.30 ;
    %load/vec4 v0x55cbee2f6600_0;
    %flag_set/vec4 8;
    %jmp/0xz  T_0.34, 8;
    %load/vec4 v0x55cbee2f7030_0;
    %cmpi/e 9, 0, 4;
    %flag_mov 8, 4;
    %jmp/0 T_0.36, 8;
    %pushi/vec4 0, 0, 4;
    %jmp/1 T_0.37, 8;
T_0.36 ; End of true expr.
    %load/vec4 v0x55cbee2f7030_0;
    %addi 1, 0, 4;
    %jmp/0 T_0.37, 8;
 ; End of false expr.
    %blend;
T_0.37;
    %assign/vec4 v0x55cbee2f7030_0, 0;
T_0.34 ;
    %load/vec4 v0x55cbee2f66c0_0;
    %flag_set/vec4 8;
    %jmp/0xz  T_0.38, 8;
    %pushi/vec4 3, 0, 2;
    %assign/vec4 v0x55cbee2f6e70_0, 0;
T_0.38 ;
    %jmp T_0.9;
T_0.7 ;
    %load/vec4 v0x55cbee2cbd20_0;
    %flag_set/vec4 8;
    %jmp/0xz  T_0.40, 8;
    %load/vec4 v0x55cbee2f6820_0;
    %cmpi/e 6, 0, 3;
    %flag_mov 8, 4;
    %jmp/0 T_0.42, 8;
    %pushi/vec4 0, 0, 3;
    %jmp/1 T_0.43, 8;
T_0.42 ; End of true expr.
    %load/vec4 v0x55cbee2f6820_0;
    %addi 1, 0, 3;
    %jmp/0 T_0.43, 8;
 ; End of false expr.
    %blend;
T_0.43;
    %assign/vec4 v0x55cbee2f6820_0, 0;
T_0.40 ;
    %load/vec4 v0x55cbee2f66c0_0;
    %flag_set/vec4 8;
    %jmp/0xz  T_0.44, 8;
    %pushi/vec4 0, 0, 2;
    %assign/vec4 v0x55cbee2f6e70_0, 0;
T_0.44 ;
    %jmp T_0.9;
T_0.9 ;
    %pop/vec4 1;
    %jmp T_0.1;
T_0.0 ;
    %pushi/vec4 1, 0, 1;
    %assign/vec4 v0x55cbee2f6b10_0, 0;
T_0.1 ;
    %jmp T_0;
    .thread T_0;
# The file index is used to find the file name in the following table.
:file_names 3;
    "N/A";
    "<interactive>";
    "setdate.v";
